{"name": "test_google_french", "status": "failed", "statusDetails": {"message": "AssertionError: Failed test\nassert False", "trace": "self = <google_test.TestGoogle object at 0x00000196ED9F78E0>\n\n    def test_google_french(self):\n        driver = self.driver\n        google = GooglePage(driver)\n        google.open(\"https://google.fr\")\n        self.logger.info(\"Entering keyword in test 2\")\n        google.search(\"selenium\")\n>       assert False, \"Failed test\"\nE       AssertionError: Failed test\nE       assert False\n\ntests\\google_test.py:21: AssertionError"}, "attachments": [{"name": "TestGoogle_test_google_french2022-05-14_11-39-22.png", "source": "099860bc-2a86-4a6c-9114-6a8e65b4aeb5-attachment.png", "type": "image/png"}, {"name": "log", "source": "796a8c6c-99be-4fd8-94d7-870613d24353-attachment.txt", "type": "text/plain"}, {"name": "stdout", "source": "4739fd89-3810-439f-be26-295c7eb1fffb-attachment.txt", "type": "text/plain"}], "start": 1652508555643, "stop": 1652508561800, "uuid": "ac9d5d37-385e-471b-a692-564f7b35866f", "historyId": "20b80c5e47989eb6a112c9cd39595343", "testCaseId": "409597df5d9650aedef7f2ae3b4c2133", "fullName": "tests.google_test.TestGoogle#test_google_french", "labels": [{"name": "tag", "value": "@pytest.mark.usefixtures('test_setup')"}, {"name": "parentSuite", "value": "tests"}, {"name": "suite", "value": "google_test"}, {"name": "subSuite", "value": "TestGoogle"}, {"name": "host", "value": "DESKTOP-RD9F5N9"}, {"name": "thread", "value": "39128-MainThread"}, {"name": "framework", "value": "pytest"}, {"name": "language", "value": "cpython3"}, {"name": "package", "value": "tests.google_test"}]}