{"name": "test_google_french", "status": "failed", "statusDetails": {"message": "AssertionError: Failed test\nassert False", "trace": "self = <google_test.TestGoogle object at 0x0000024175732CB0>\n\n    def test_google_french(self):\n        driver = self.driver\n        google = GooglePage(driver)\n        google.open(\"https://google.fr\")\n        self.logger.info(\"Entering keyword in test 2\")\n        google.search(\"selenium\")\n>       assert False, \"Failed test\"\nE       AssertionError: Failed test\nE       assert False\n\ntests\\google_test.py:21: AssertionError"}, "attachments": [{"name": "TestGoogle_test_google_french2022-05-14_11-37-28.png", "source": "062660de-68f9-46d9-97ae-714b5bf81c63-attachment.png", "type": "image/png"}, {"name": "log", "source": "98110f16-8ea1-4a3c-9443-8c56b26a1958-attachment.txt", "type": "text/plain"}, {"name": "stdout", "source": "c0e85b9b-b303-4e79-84e4-822865fd9a5c-attachment.txt", "type": "text/plain"}], "start": 1652508441873, "stop": 1652508448215, "uuid": "2a9d44cf-3912-4996-9ac3-1d94833235c0", "historyId": "20b80c5e47989eb6a112c9cd39595343", "testCaseId": "409597df5d9650aedef7f2ae3b4c2133", "fullName": "tests.google_test.TestGoogle#test_google_french", "labels": [{"name": "tag", "value": "@pytest.mark.usefixtures('test_setup')"}, {"name": "parentSuite", "value": "tests"}, {"name": "suite", "value": "google_test"}, {"name": "subSuite", "value": "TestGoogle"}, {"name": "host", "value": "DESKTOP-RD9F5N9"}, {"name": "thread", "value": "37580-MainThread"}, {"name": "framework", "value": "pytest"}, {"name": "language", "value": "cpython3"}, {"name": "package", "value": "tests.google_test"}]}