{"name": "test_google_french", "status": "failed", "statusDetails": {"message": "AssertionError: Failed test\nassert False", "trace": "self = <google_test.TestGoogle object at 0x000001A2965E3AF0>\n\n    def test_google_french(self):\n        driver = self.driver\n        google = GooglePage(driver)\n        google.open(\"https://google.fr\")\n        self.logger.info(\"Entering keyword in test 2\")\n        google.search(\"selenium\")\n>       assert False, \"Failed test\"\nE       AssertionError: Failed test\nE       assert False\n\ntests\\google_test.py:27: AssertionError"}, "attachments": [{"name": "log", "source": "5bfd070b-5afe-42f5-8bd3-2cdd82455c28-attachment.txt", "type": "text/plain"}, {"name": "stdout", "source": "4c958f57-a3d0-403c-8e98-0843d75c22c6-attachment.txt", "type": "text/plain"}], "start": 1651931601290, "stop": 1651931606546, "uuid": "816c0589-dca6-43e2-ac5d-a7817e536be6", "historyId": "20b80c5e47989eb6a112c9cd39595343", "testCaseId": "409597df5d9650aedef7f2ae3b4c2133", "fullName": "tests.google_test.TestGoogle#test_google_french", "labels": [{"name": "tag", "value": "@pytest.mark.usefixtures('test_setup')"}, {"name": "parentSuite", "value": "tests"}, {"name": "suite", "value": "google_test"}, {"name": "subSuite", "value": "TestGoogle"}, {"name": "host", "value": "DESKTOP-RD9F5N9"}, {"name": "thread", "value": "15128-MainThread"}, {"name": "framework", "value": "pytest"}, {"name": "language", "value": "cpython3"}, {"name": "package", "value": "tests.google_test"}]}