{"name": "test_google_french", "status": "failed", "statusDetails": {"message": "AssertionError: Failed test\nassert False", "trace": "self = <google_test.TestGoogle object at 0x000001AD0947DDB0>\n\n    def test_google_french(self):\n        driver = self.driver\n        google = GooglePage(driver)\n        google.open(\"https://google.fr\")\n        self.logger.info(\"Entering keyword in test 2\")\n        google.search(\"selenium\")\n>       assert False, \"Failed test\"\nE       AssertionError: Failed test\nE       assert False\n\ntests\\google_test.py:21: AssertionError"}, "attachments": [{"name": "TestGoogle_test_google_french2022-05-14_11-36-41.png", "source": "60ab3f72-71b7-4aa3-843d-6b401a0b2088-attachment.png", "type": "image/png"}, {"name": "log", "source": "fd5984b6-8f5e-443d-aeee-13595603b0e8-attachment.txt", "type": "text/plain"}, {"name": "stdout", "source": "dd889327-9197-48ad-bfb9-6dca5ccaa743-attachment.txt", "type": "text/plain"}], "start": 1652508395807, "stop": 1652508400959, "uuid": "b05ce9f0-2fb3-45a7-969c-80b122bda7c8", "historyId": "20b80c5e47989eb6a112c9cd39595343", "testCaseId": "409597df5d9650aedef7f2ae3b4c2133", "fullName": "tests.google_test.TestGoogle#test_google_french", "labels": [{"name": "tag", "value": "@pytest.mark.usefixtures('test_setup')"}, {"name": "parentSuite", "value": "tests"}, {"name": "suite", "value": "google_test"}, {"name": "subSuite", "value": "TestGoogle"}, {"name": "host", "value": "DESKTOP-RD9F5N9"}, {"name": "thread", "value": "36124-MainThread"}, {"name": "framework", "value": "pytest"}, {"name": "language", "value": "cpython3"}, {"name": "package", "value": "tests.google_test"}]}