{"name": "test_google_french", "status": "failed", "statusDetails": {"message": "AssertionError: Failed test\nassert False", "trace": "self = <google_test.TestGoogle object at 0x000002459FD4C3D0>\n\n    def test_google_french(self):\n        driver = self.driver\n        google = GooglePage(driver)\n        google.open(\"https://google.fr\")\n        self.logger.info(\"Entering keyword in test 2\")\n        google.search(\"selenium\")\n>       assert False, \"Failed test\"\nE       AssertionError: Failed test\nE       assert False\n\ntests\\google_test.py:21: AssertionError"}, "attachments": [{"name": "TestGoogle_test_google_french2022-05-14_11-38-39.png", "source": "ab24ba6d-4b07-44a3-937e-2d89f27de448-attachment.png", "type": "image/png"}, {"name": "log", "source": "eab52911-80bb-49b4-a6c1-5d5194ba2162-attachment.txt", "type": "text/plain"}, {"name": "stdout", "source": "11bf11d1-104a-46f5-8078-3f371095d929-attachment.txt", "type": "text/plain"}], "start": 1652508513423, "stop": 1652508519047, "uuid": "449d2823-2de7-4503-b792-ed8084e62d44", "historyId": "20b80c5e47989eb6a112c9cd39595343", "testCaseId": "409597df5d9650aedef7f2ae3b4c2133", "fullName": "tests.google_test.TestGoogle#test_google_french", "labels": [{"name": "tag", "value": "@pytest.mark.usefixtures('test_setup')"}, {"name": "parentSuite", "value": "tests"}, {"name": "suite", "value": "google_test"}, {"name": "subSuite", "value": "TestGoogle"}, {"name": "host", "value": "DESKTOP-RD9F5N9"}, {"name": "thread", "value": "37172-MainThread"}, {"name": "framework", "value": "pytest"}, {"name": "language", "value": "cpython3"}, {"name": "package", "value": "tests.google_test"}]}