{"name": "test_google_french", "status": "failed", "statusDetails": {"message": "AssertionError: Failed test\nassert False", "trace": "self = <google_test.TestGoogle object at 0x000001C37762E620>\n\n    def test_google_french(self):\n        driver = self.driver\n        google = GooglePage(driver)\n        google.open(\"https://google.fr\")\n        self.logger.info(\"Entering keyword in test 2\")\n        google.search(\"selenium\")\n>       assert False, \"Failed test\"\nE       AssertionError: Failed test\nE       assert False\n\ntests\\google_test.py:21: AssertionError"}, "attachments": [{"name": "TestGoogle_test_google_french2022-05-14_11-37-05.png", "source": "7a0f0da2-f820-4517-a3c7-1dc0f9905d23-attachment.png", "type": "image/png"}, {"name": "log", "source": "7b7d6c66-ded5-4f52-a299-0a76332fca51-attachment.txt", "type": "text/plain"}, {"name": "stdout", "source": "cc72d410-df7c-4f95-b53e-b77011854c15-attachment.txt", "type": "text/plain"}], "start": 1652508418703, "stop": 1652508424689, "uuid": "c3d2d64e-a5a8-434c-976f-e777292211f3", "historyId": "20b80c5e47989eb6a112c9cd39595343", "testCaseId": "409597df5d9650aedef7f2ae3b4c2133", "fullName": "tests.google_test.TestGoogle#test_google_french", "labels": [{"name": "tag", "value": "@pytest.mark.usefixtures('test_setup')"}, {"name": "parentSuite", "value": "tests"}, {"name": "suite", "value": "google_test"}, {"name": "subSuite", "value": "TestGoogle"}, {"name": "host", "value": "DESKTOP-RD9F5N9"}, {"name": "thread", "value": "41088-MainThread"}, {"name": "framework", "value": "pytest"}, {"name": "language", "value": "cpython3"}, {"name": "package", "value": "tests.google_test"}]}